<?xml version="1.0" encoding="UTF-8"?>
<!-- Generated by org.testng.reporters.JUnitReportReporter -->
<testsuite hostname="DESKTOP-3H5BD9I" failures="0" tests="1" name="auto.testsuit.Day7_autoSuite" time="6.042" errors="0" timestamp="2024-01-25T21:16:37 ICT" skipped="0">
  <testcase classname="auto.testsuit.Day7_autoSuite" name="opeWebBepAnToan" time="6.042"/>
  <system-out/>
</testsuite> <!-- auto.testsuit.Day7_autoSuite -->
